0 verbose cli /usr/local/bin/node /usr/local/bin/npm
1 info using npm@11.6.4
2 info using node@v22.20.0
3 silly config load:file:/usr/local/lib/node_modules/npm/npmrc
4 silly config load:file:/Users/robin/Documents/coding/ratchet-chat/client/.npmrc
5 silly config load:file:/Users/robin/.npmrc
6 silly config load:file:/usr/local/etc/npmrc
7 verbose title npm install vaul
8 verbose argv "install" "vaul" "--cache" "./.npm-local"
9 verbose logfile logs-max:10 dir:/Users/robin/Documents/coding/ratchet-chat/client/.npm-local/_logs/2025-12-31T16_44_56_691Z-
10 verbose logfile /Users/robin/Documents/coding/ratchet-chat/client/.npm-local/_logs/2025-12-31T16_44_56_691Z-debug-0.log
11 silly logfile done cleaning log files
12 silly packumentCache heap:4345298944 maxSize:1086324736 maxEntrySize:543162368
13 silly idealTree buildDeps
14 silly fetch manifest vaul@*
15 silly packumentCache full:https://registry.npmjs.org/vaul cache-miss
16 http fetch GET 200 https://registry.npmjs.org/vaul 357ms (cache miss)
17 silly packumentCache full:https://registry.npmjs.org/vaul set size:undefined disposed:false
18 silly fetch manifest react@19.2.3
19 silly packumentCache full:https://registry.npmjs.org/react cache-miss
20 http fetch GET 200 https://registry.npmjs.org/npm 735ms
21 http fetch GET 200 https://registry.npmjs.org/react 172ms (cache miss)
22 silly packumentCache full:https://registry.npmjs.org/react set size:undefined disposed:false
23 silly fetch manifest react-dom@19.2.3
24 silly packumentCache full:https://registry.npmjs.org/react-dom cache-miss
25 http fetch GET 200 https://registry.npmjs.org/react-dom 277ms (cache miss)
26 silly packumentCache full:https://registry.npmjs.org/react-dom set size:undefined disposed:false
27 silly placeDep ROOT vaul@1.1.2 OK for: client@0.1.0 want: *
28 silly reify moves {}
29 silly audit bulk request {
29 silly audit   '@alloc/quick-lru': [ '5.2.0' ],
29 silly audit   '@antfu/ni': [ '25.0.0' ],
29 silly audit   '@babel/code-frame': [ '7.27.1' ],
29 silly audit   '@babel/compat-data': [ '7.28.5' ],
29 silly audit   '@babel/core': [ '7.28.5' ],
29 silly audit   semver: [ '6.3.1', '7.7.3' ],
29 silly audit   '@babel/generator': [ '7.28.5' ],
29 silly audit   '@babel/helper-annotate-as-pure': [ '7.27.3' ],
29 silly audit   '@babel/helper-compilation-targets': [ '7.27.2' ],
29 silly audit   '@babel/helper-create-class-features-plugin': [ '7.28.5' ],
29 silly audit   '@babel/helper-globals': [ '7.28.0' ],
29 silly audit   '@babel/helper-member-expression-to-functions': [ '7.28.5' ],
29 silly audit   '@babel/helper-module-imports': [ '7.27.1' ],
29 silly audit   '@babel/helper-module-transforms': [ '7.28.3' ],
29 silly audit   '@babel/helper-optimise-call-expression': [ '7.27.1' ],
29 silly audit   '@babel/helper-plugin-utils': [ '7.27.1' ],
29 silly audit   '@babel/helper-replace-supers': [ '7.27.1' ],
29 silly audit   '@babel/helper-skip-transparent-expression-wrappers': [ '7.27.1' ],
29 silly audit   '@babel/helper-string-parser': [ '7.27.1' ],
29 silly audit   '@babel/helper-validator-identifier': [ '7.28.5' ],
29 silly audit   '@babel/helper-validator-option': [ '7.27.1' ],
29 silly audit   '@babel/helpers': [ '7.28.4' ],
29 silly audit   '@babel/parser': [ '7.28.5' ],
29 silly audit   '@babel/plugin-syntax-jsx': [ '7.27.1' ],
29 silly audit   '@babel/plugin-syntax-typescript': [ '7.27.1' ],
29 silly audit   '@babel/plugin-transform-modules-commonjs': [ '7.27.1' ],
29 silly audit   '@babel/plugin-transform-typescript': [ '7.28.5' ],
29 silly audit   '@babel/preset-typescript': [ '7.28.5' ],
29 silly audit   '@babel/runtime': [ '7.28.4' ],
29 silly audit   '@babel/template': [ '7.27.2' ],
29 silly audit   '@babel/traverse': [ '7.28.5' ],
29 silly audit   '@babel/types': [ '7.28.5' ],
29 silly audit   '@cloudflare/opaque-ts': [ '0.7.5' ],
29 silly audit   '@noble/hashes': [ '0.4.4', '2.0.1', '1.8.0' ],
29 silly audit   '@cloudflare/voprf-ts': [ '0.8.0' ],
29 silly audit   '@dotenvx/dotenvx': [ '1.51.2' ],
29 silly audit   commander: [ '11.1.0', '14.0.2' ],
29 silly audit   execa: [ '5.1.1', '9.6.1' ],
29 silly audit   'get-stream': [ '6.0.1', '9.0.1' ],
29 silly audit   'human-signals': [ '2.1.0', '8.0.1' ],
29 silly audit   'is-stream': [ '2.0.1', '4.0.1' ],
29 silly audit   'npm-run-path': [ '4.0.1', '6.0.0' ],
29 silly audit   onetime: [ '5.1.2', '7.0.0' ],
29 silly audit   'signal-exit': [ '3.0.7', '4.1.0' ],
29 silly audit   'strip-final-newline': [ '2.0.0', '4.0.0' ],
29 silly audit   '@ecies/ciphers': [ '0.2.5' ],
29 silly audit   '@emnapi/runtime': [ '1.7.1' ],
29 silly audit   '@emoji-mart/data': [ '1.2.1' ],
29 silly audit   '@esbuild/aix-ppc64': [ '0.27.2' ],
29 silly audit   '@esbuild/android-arm': [ '0.27.2' ],
29 silly audit   '@esbuild/android-arm64': [ '0.27.2' ],
29 silly audit   '@esbuild/android-x64': [ '0.27.2' ],
29 silly audit   '@esbuild/darwin-arm64': [ '0.27.2' ],
29 silly audit   '@esbuild/darwin-x64': [ '0.27.2' ],
29 silly audit   '@esbuild/freebsd-arm64': [ '0.27.2' ],
29 silly audit   '@esbuild/freebsd-x64': [ '0.27.2' ],
29 silly audit   '@esbuild/linux-arm': [ '0.27.2' ],
29 silly audit   '@esbuild/linux-arm64': [ '0.27.2' ],
29 silly audit   '@esbuild/linux-ia32': [ '0.27.2' ],
29 silly audit   '@esbuild/linux-loong64': [ '0.27.2' ],
29 silly audit   '@esbuild/linux-mips64el': [ '0.27.2' ],
29 silly audit   '@esbuild/linux-ppc64': [ '0.27.2' ],
29 silly audit   '@esbuild/linux-riscv64': [ '0.27.2' ],
29 silly audit   '@esbuild/linux-s390x': [ '0.27.2' ],
29 silly audit   '@esbuild/linux-x64': [ '0.27.2' ],
29 silly audit   '@esbuild/netbsd-arm64': [ '0.27.2' ],
29 silly audit   '@esbuild/netbsd-x64': [ '0.27.2' ],
29 silly audit   '@esbuild/openbsd-arm64': [ '0.27.2' ],
29 silly audit   '@esbuild/openbsd-x64': [ '0.27.2' ],
29 silly audit   '@esbuild/openharmony-arm64': [ '0.27.2' ],
29 silly audit   '@esbuild/sunos-x64': [ '0.27.2' ],
29 silly audit   '@esbuild/win32-arm64': [ '0.27.2' ],
29 silly audit   '@esbuild/win32-ia32': [ '0.27.2' ],
29 silly audit   '@esbuild/win32-x64': [ '0.27.2' ],
29 silly audit   '@floating-ui/core': [ '1.7.3' ],
29 silly audit   '@floating-ui/dom': [ '1.7.4' ],
29 silly audit   '@floating-ui/react-dom': [ '2.1.6' ],
29 silly audit   '@floating-ui/utils': [ '0.2.10' ],
29 silly audit   '@hono/node-server': [ '1.19.7' ],
29 silly audit   '@img/colour': [ '1.0.0' ],
29 silly audit   '@img/sharp-darwin-arm64': [ '0.34.5' ],
29 silly audit   '@img/sharp-darwin-x64': [ '0.34.5' ],
29 silly audit   '@img/sharp-libvips-darwin-arm64': [ '1.2.4' ],
29 silly audit   '@img/sharp-libvips-darwin-x64': [ '1.2.4' ],
29 silly audit   '@img/sharp-libvips-linux-arm': [ '1.2.4' ],
29 silly audit   '@img/sharp-libvips-linux-arm64': [ '1.2.4' ],
29 silly audit   '@img/sharp-libvips-linux-ppc64': [ '1.2.4' ],
29 silly audit   '@img/sharp-libvips-linux-riscv64': [ '1.2.4' ],
29 silly audit   '@img/sharp-libvips-linux-s390x': [ '1.2.4' ],
29 silly audit   '@img/sharp-libvips-linux-x64': [ '1.2.4' ],
29 silly audit   '@img/sharp-libvips-linuxmusl-arm64': [ '1.2.4' ],
29 silly audit   '@img/sharp-libvips-linuxmusl-x64': [ '1.2.4' ],
29 silly audit   '@img/sharp-linux-arm': [ '0.34.5' ],
29 silly audit   '@img/sharp-linux-arm64': [ '0.34.5' ],
29 silly audit   '@img/sharp-linux-ppc64': [ '0.34.5' ],
29 silly audit   '@img/sharp-linux-riscv64': [ '0.34.5' ],
29 silly audit   '@img/sharp-linux-s390x': [ '0.34.5' ],
29 silly audit   '@img/sharp-linux-x64': [ '0.34.5' ],
29 silly audit   '@img/sharp-linuxmusl-arm64': [ '0.34.5' ],
29 silly audit   '@img/sharp-linuxmusl-x64': [ '0.34.5' ],
29 silly audit   '@img/sharp-wasm32': [ '0.34.5' ],
29 silly audit   '@img/sharp-win32-arm64': [ '0.34.5' ],
29 silly audit   '@img/sharp-win32-ia32': [ '0.34.5' ],
29 silly audit   '@img/sharp-win32-x64': [ '0.34.5' ],
29 silly audit   '@inquirer/ansi': [ '1.0.2' ],
29 silly audit   '@inquirer/confirm': [ '5.1.21' ],
29 silly audit   '@inquirer/core': [ '10.3.2' ],
29 silly audit   '@inquirer/figures': [ '1.0.15' ],
29 silly audit   '@inquirer/type': [ '3.0.10' ],
29 silly audit   '@isaacs/balanced-match': [ '4.0.1' ],
29 silly audit   '@isaacs/brace-expansion': [ '5.0.0' ],
29 silly audit   '@jridgewell/gen-mapping': [ '0.3.13' ],
29 silly audit   '@jridgewell/remapping': [ '2.3.5' ],
29 silly audit   '@jridgewell/resolve-uri': [ '3.1.2' ],
29 silly audit   '@jridgewell/sourcemap-codec': [ '1.5.5' ],
29 silly audit   '@jridgewell/trace-mapping': [ '0.3.31' ],
29 silly audit   '@modelcontextprotocol/sdk': [ '1.25.1' ],
29 silly audit   '@mswjs/interceptors': [ '0.40.0' ],
29 silly audit   '@next/env': [ '16.1.1' ],
29 silly audit   '@next/swc-darwin-arm64': [ '16.1.1' ],
29 silly audit   '@next/swc-darwin-x64': [ '16.1.1' ],
29 silly audit   '@next/swc-linux-arm64-gnu': [ '16.1.1' ],
29 silly audit   '@next/swc-linux-arm64-musl': [ '16.1.1' ],
29 silly audit   '@next/swc-linux-x64-gnu': [ '16.1.1' ],
29 silly audit   '@next/swc-linux-x64-musl': [ '16.1.1' ],
29 silly audit   '@next/swc-win32-arm64-msvc': [ '16.1.1' ],
29 silly audit   '@next/swc-win32-x64-msvc': [ '16.1.1' ],
29 silly audit   '@noble/ciphers': [ '1.3.0' ],
29 silly audit   '@noble/curves': [ '2.0.1', '1.9.7' ],
29 silly audit   '@noble/post-quantum': [ '0.5.4' ],
29 silly audit   '@nodelib/fs.scandir': [ '2.1.5' ],
29 silly audit   '@nodelib/fs.stat': [ '2.0.5' ],
29 silly audit   '@nodelib/fs.walk': [ '1.2.8' ],
29 silly audit   '@open-draft/deferred-promise': [ '2.2.0' ],
29 silly audit   '@open-draft/logger': [ '0.3.0' ],
29 silly audit   '@open-draft/until': [ '2.1.0' ],
29 silly audit   '@radix-ui/number': [ '1.1.1' ],
29 silly audit   '@radix-ui/primitive': [ '1.1.3' ],
29 silly audit   '@radix-ui/react-arrow': [ '1.1.7' ],
29 silly audit   '@radix-ui/react-primitive': [ '2.1.3', '2.1.4' ],
29 silly audit   '@radix-ui/react-slot': [ '1.2.3', '1.2.4' ],
29 silly audit   '@radix-ui/react-avatar': [ '1.1.11' ],
29 silly audit   '@radix-ui/react-collapsible': [ '1.1.12' ],
29 silly audit   '@radix-ui/react-context': [ '1.1.2', '1.1.3' ],
29 silly audit   '@radix-ui/react-collection': [ '1.1.7' ],
29 silly audit   '@radix-ui/react-compose-refs': [ '1.1.2' ],
29 silly audit   '@radix-ui/react-dialog': [ '1.1.15' ],
29 silly audit   '@radix-ui/react-direction': [ '1.1.1' ],
29 silly audit   '@radix-ui/react-dismissable-layer': [ '1.1.11' ],
29 silly audit   '@radix-ui/react-dropdown-menu': [ '2.1.16' ],
29 silly audit   '@radix-ui/react-focus-guards': [ '1.1.3' ],
29 silly audit   '@radix-ui/react-focus-scope': [ '1.1.7' ],
29 silly audit   '@radix-ui/react-id': [ '1.1.1' ],
29 silly audit   '@radix-ui/react-label': [ '2.1.8' ],
29 silly audit   '@radix-ui/react-menu': [ '2.1.16' ],
29 silly audit   '@radix-ui/react-popper': [ '1.2.8' ],
29 silly audit   '@radix-ui/react-portal': [ '1.1.9' ],
29 silly audit   '@radix-ui/react-presence': [ '1.1.5' ],
29 silly audit   '@radix-ui/react-roving-focus': [ '1.1.11' ],
29 silly audit   '@radix-ui/react-scroll-area': [ '1.2.10' ],
29 silly audit   '@radix-ui/react-select': [ '2.2.6' ],
29 silly audit   '@radix-ui/react-visually-hidden': [ '1.2.3', '1.2.4' ],
29 silly audit   '@radix-ui/react-separator': [ '1.1.8' ],
29 silly audit   '@radix-ui/react-switch': [ '1.2.6' ],
29 silly audit   '@radix-ui/react-tabs': [ '1.1.13' ],
29 silly audit   '@radix-ui/react-tooltip': [ '1.2.8' ],
29 silly audit   '@radix-ui/react-use-callback-ref': [ '1.1.1' ],
29 silly audit   '@radix-ui/react-use-controllable-state': [ '1.2.2' ],
29 silly audit   '@radix-ui/react-use-effect-event': [ '0.0.2' ],
29 silly audit   '@radix-ui/react-use-escape-keydown': [ '1.1.1' ],
29 silly audit   '@radix-ui/react-use-is-hydrated': [ '0.1.0' ],
29 silly audit   '@radix-ui/react-use-layout-effect': [ '1.1.1' ],
29 silly audit   '@radix-ui/react-use-previous': [ '1.1.1' ],
29 silly audit   '@radix-ui/react-use-rect': [ '1.1.1' ],
29 silly audit   '@radix-ui/react-use-size': [ '1.1.1' ],
29 silly audit   '@radix-ui/rect': [ '1.1.1' ],
29 silly audit   '@sec-ant/readable-stream': [ '0.4.1' ],
29 silly audit   '@simplewebauthn/browser': [ '13.2.2' ],
29 silly audit   '@sindresorhus/merge-streams': [ '4.0.0' ],
29 silly audit   '@socket.io/component-emitter': [ '3.1.2' ],
29 silly audit   '@swc/helpers': [ '0.5.15' ],
29 silly audit   '@tailwindcss/node': [ '4.1.18' ],
29 silly audit   '@tailwindcss/oxide': [ '4.1.18' ],
29 silly audit   '@tailwindcss/oxide-android-arm64': [ '4.1.18' ],
29 silly audit   '@tailwindcss/oxide-darwin-arm64': [ '4.1.18' ],
29 silly audit   '@tailwindcss/oxide-darwin-x64': [ '4.1.18' ],
29 silly audit   '@tailwindcss/oxide-freebsd-x64': [ '4.1.18' ],
29 silly audit   '@tailwindcss/oxide-linux-arm-gnueabihf': [ '4.1.18' ],
29 silly audit   '@tailwindcss/oxide-linux-arm64-gnu': [ '4.1.18' ],
29 silly audit   '@tailwindcss/oxide-linux-arm64-musl': [ '4.1.18' ],
29 silly audit   '@tailwindcss/oxide-linux-x64-gnu': [ '4.1.18' ],
29 silly audit   '@tailwindcss/oxide-linux-x64-musl': [ '4.1.18' ],
29 silly audit   '@tailwindcss/oxide-wasm32-wasi': [ '4.1.18' ],
29 silly audit   '@tailwindcss/oxide-win32-arm64-msvc': [ '4.1.18' ],
29 silly audit   '@tailwindcss/oxide-win32-x64-msvc': [ '4.1.18' ],
29 silly audit   '@tailwindcss/postcss': [ '4.1.18' ],
29 silly audit   '@tailwindcss/typography': [ '0.5.19' ],
29 silly audit   '@ts-morph/common': [ '0.27.0' ],
29 silly audit   '@types/debug': [ '4.1.12' ],
29 silly audit   '@types/estree': [ '1.0.8' ],
29 silly audit   '@types/estree-jsx': [ '1.0.5' ],
29 silly audit   '@types/hast': [ '3.0.4' ],
29 silly audit   '@types/mdast': [ '4.0.4' ],
29 silly audit   '@types/ms': [ '2.1.0' ],
29 silly audit   '@types/node': [ '20.19.27' ],
29 silly audit   '@types/react': [ '19.2.7' ],
29 silly audit   '@types/react-dom': [ '19.2.3' ],
29 silly audit   '@types/statuses': [ '2.0.6' ],
29 silly audit   '@types/unist': [ '3.0.3', '2.0.11' ],
29 silly audit   '@ungap/structured-clone': [ '1.3.0' ],
29 silly audit   accepts: [ '2.0.0' ],
29 silly audit   'agent-base': [ '7.1.4' ],
29 silly audit   ajv: [ '8.17.1' ],
29 silly audit   'ajv-formats': [ '3.0.1' ],
29 silly audit   'ansi-regex': [ '6.2.2', '5.0.1' ],
29 silly audit   'ansi-styles': [ '4.3.0' ],
29 silly audit   ansis: [ '4.2.0' ],
29 silly audit   argparse: [ '2.0.1' ],
29 silly audit   'aria-hidden': [ '1.2.6' ],
29 silly audit   'ast-types': [ '0.16.1' ],
29 silly audit   'babel-plugin-react-compiler': [ '1.0.0' ],
29 silly audit   bail: [ '2.0.2' ],
29 silly audit   'baseline-browser-mapping': [ '2.9.11' ],
29 silly audit   'body-parser': [ '2.2.1' ],
29 silly audit   braces: [ '3.0.3' ],
29 silly audit   browserslist: [ '4.28.1' ],
29 silly audit   'bundle-name': [ '4.1.0' ],
29 silly audit   bytes: [ '3.1.2' ],
29 silly audit   'call-bind-apply-helpers': [ '1.0.2' ],
29 silly audit   'call-bound': [ '1.0.4' ],
29 silly audit   callsites: [ '3.1.0' ],
29 silly audit   'caniuse-lite': [ '1.0.30001761' ],
29 silly audit   ccount: [ '2.0.1' ],
29 silly audit   chalk: [ '5.6.2' ],
29 silly audit   'character-entities': [ '2.0.2' ],
29 silly audit   'character-entities-html4': [ '2.1.0' ],
29 silly audit   'character-entities-legacy': [ '3.0.0' ],
29 silly audit   'character-reference-invalid': [ '2.0.1' ],
29 silly audit   'class-variance-authority': [ '0.7.1' ],
29 silly audit   'cli-cursor': [ '5.0.0' ],
29 silly audit   'cli-spinners': [ '2.9.2' ],
29 silly audit   'cli-width': [ '4.1.0' ],
29 silly audit   'client-only': [ '0.0.1' ],
29 silly audit   cliui: [ '8.0.1' ],
29 silly audit   'emoji-regex': [ '8.0.0', '10.6.0' ],
29 silly audit   'string-width': [ '4.2.3', '7.2.0' ],
29 silly audit   'strip-ansi': [ '6.0.1', '7.1.2' ],
29 silly audit   'wrap-ansi': [ '7.0.0', '6.2.0' ],
29 silly audit   clsx: [ '2.1.1' ],
29 silly audit   'code-block-writer': [ '13.0.3' ],
29 silly audit   'color-convert': [ '2.0.1' ],
29 silly audit   'color-name': [ '1.1.4' ],
29 silly audit   'comma-separated-tokens': [ '2.0.3' ],
29 silly audit   'content-disposition': [ '1.0.1' ],
29 silly audit   'content-type': [ '1.0.5' ],
29 silly audit   'convert-source-map': [ '2.0.0' ],
29 silly audit   cookie: [ '0.7.2', '1.1.1' ],
29 silly audit   'cookie-signature': [ '1.2.2' ],
29 silly audit   cors: [ '2.8.5' ],
29 silly audit   cosmiconfig: [ '9.0.0' ],
29 silly audit   'cross-spawn': [ '7.0.6' ],
29 silly audit   isexe: [ '2.0.0', '3.1.1' ],
29 silly audit   which: [ '2.0.2', '4.0.0' ],
29 silly audit   cssesc: [ '3.0.0' ],
29 silly audit   csstype: [ '3.2.3' ],
29 silly audit   'data-uri-to-buffer': [ '4.0.1' ],
29 silly audit   debug: [ '4.4.3' ],
29 silly audit   'decode-named-character-reference': [ '1.2.0' ],
29 silly audit   dedent: [ '1.7.1' ],
29 silly audit   deepmerge: [ '4.3.1' ],
29 silly audit   'default-browser': [ '5.4.0' ],
29 silly audit   'default-browser-id': [ '5.0.1' ],
29 silly audit   'define-lazy-prop': [ '3.0.0' ],
29 silly audit   depd: [ '2.0.0' ],
29 silly audit   dequal: [ '2.0.3' ],
29 silly audit   'detect-libc': [ '2.1.2' ],
29 silly audit   'detect-node-es': [ '1.1.0' ],
29 silly audit   devlop: [ '1.1.0' ],
29 silly audit   dexie: [ '4.2.1' ],
29 silly audit   diff: [ '8.0.2' ],
29 silly audit   dotenv: [ '17.2.3' ],
29 silly audit   'dunder-proto': [ '1.0.1' ],
29 silly audit   eciesjs: [ '0.4.16' ],
29 silly audit   'ee-first': [ '1.1.1' ],
29 silly audit   'electron-to-chromium': [ '1.5.267' ],
29 silly audit   'emoji-mart': [ '5.6.0' ],
29 silly audit   encodeurl: [ '2.0.0' ],
29 silly audit   'engine.io-client': [ '6.6.4' ],
29 silly audit   'engine.io-parser': [ '5.2.3' ],
29 silly audit   'enhanced-resolve': [ '5.18.4' ],
29 silly audit   'env-paths': [ '2.2.1' ],
29 silly audit   'error-ex': [ '1.3.4' ],
29 silly audit   'es-define-property': [ '1.0.1' ],
29 silly audit   'es-errors': [ '1.3.0' ],
29 silly audit   'es-object-atoms': [ '1.1.1' ],
29 silly audit   esbuild: [ '0.27.2' ],
29 silly audit   escalade: [ '3.2.0' ],
29 silly audit   'escape-html': [ '1.0.3' ],
29 silly audit   'escape-string-regexp': [ '5.0.0' ],
29 silly audit   esprima: [ '4.0.1' ],
29 silly audit   'estree-util-is-identifier-name': [ '3.0.0' ],
29 silly audit   etag: [ '1.8.1' ],
29 silly audit   eventsource: [ '3.0.7' ],
29 silly audit   'eventsource-parser': [ '3.0.6' ],
29 silly audit   express: [ '5.2.1' ],
29 silly audit   'express-rate-limit': [ '7.5.1' ],
29 silly audit   extend: [ '3.0.2' ],
29 silly audit   'fast-deep-equal': [ '3.1.3' ],
29 silly audit   'fast-glob': [ '3.3.3' ],
29 silly audit   'fast-uri': [ '3.1.0' ],
29 silly audit   fastq: [ '1.20.1' ],
29 silly audit   fdir: [ '6.5.0' ],
29 silly audit   'fetch-blob': [ '3.2.0' ],
29 silly audit   figures: [ '6.1.0' ],
29 silly audit   'fill-range': [ '7.1.1' ],
29 silly audit   finalhandler: [ '2.1.1' ],
29 silly audit   'formdata-polyfill': [ '4.0.10' ],
29 silly audit   forwarded: [ '0.2.0' ],
29 silly audit   fresh: [ '2.0.0' ],
29 silly audit   'fs-extra': [ '11.3.3' ],
29 silly audit   'function-bind': [ '1.1.2' ],
29 silly audit   fuzzysort: [ '3.1.0' ],
29 silly audit   fzf: [ '0.5.2' ],
29 silly audit   gensync: [ '1.0.0-beta.2' ],
29 silly audit   'get-caller-file': [ '2.0.5' ],
29 silly audit   'get-east-asian-width': [ '1.4.0' ],
29 silly audit   'get-intrinsic': [ '1.3.0' ],
29 silly audit   'get-nonce': [ '1.0.1' ],
29 silly audit   'get-own-enumerable-keys': [ '1.0.0' ],
29 silly audit   'get-proto': [ '1.0.1' ],
29 silly audit   'glob-parent': [ '5.1.2' ],
29 silly audit   gopd: [ '1.2.0' ],
29 silly audit   'graceful-fs': [ '4.2.11' ],
29 silly audit   graphql: [ '16.12.0' ],
29 silly audit   'has-symbols': [ '1.1.0' ],
29 silly audit   hasown: [ '2.0.2' ],
29 silly audit   'hast-util-to-jsx-runtime': [ '2.3.6' ],
29 silly audit   'hast-util-whitespace': [ '3.0.0' ],
29 silly audit   'headers-polyfill': [ '4.0.3' ],
29 silly audit   hono: [ '4.11.3' ],
29 silly audit   'html-url-attributes': [ '3.0.1' ],
29 silly audit   'http-errors': [ '2.0.1' ],
29 silly audit   'https-proxy-agent': [ '7.0.6' ],
29 silly audit   'iconv-lite': [ '0.7.1' ],
29 silly audit   ignore: [ '5.3.2' ],
29 silly audit   'import-fresh': [ '3.3.1' ],
29 silly audit   inherits: [ '2.0.4' ],
29 silly audit   'inline-style-parser': [ '0.2.7' ],
29 silly audit   'ipaddr.js': [ '1.9.1' ],
29 silly audit   'is-alphabetical': [ '2.0.1' ],
29 silly audit   'is-alphanumerical': [ '2.0.1' ],
29 silly audit   'is-arrayish': [ '0.2.1' ],
29 silly audit   'is-decimal': [ '2.0.1' ],
29 silly audit   'is-docker': [ '3.0.0' ],
29 silly audit   'is-extglob': [ '2.1.1' ],
29 silly audit   'is-fullwidth-code-point': [ '3.0.0' ],
29 silly audit   'is-glob': [ '4.0.3' ],
29 silly audit   'is-hexadecimal': [ '2.0.1' ],
29 silly audit   'is-in-ssh': [ '1.0.0' ],
29 silly audit   'is-inside-container': [ '1.0.0' ],
29 silly audit   'is-interactive': [ '2.0.0' ],
29 silly audit   'is-node-process': [ '1.2.0' ],
29 silly audit   'is-number': [ '7.0.0' ],
29 silly audit   'is-obj': [ '3.0.0' ],
29 silly audit   'is-plain-obj': [ '4.1.0' ],
29 silly audit   'is-promise': [ '4.0.0' ],
29 silly audit   'is-regexp': [ '3.1.0' ],
29 silly audit   'is-unicode-supported': [ '2.1.0', '1.3.0' ],
29 silly audit   'is-wsl': [ '3.1.0' ],
29 silly audit   jiti: [ '2.6.1' ],
29 silly audit   jose: [ '6.1.3' ],
29 silly audit   'js-tokens': [ '4.0.0' ],
29 silly audit   'js-yaml': [ '4.1.1' ],
29 silly audit   jsesc: [ '3.1.0' ],
29 silly audit   'json-parse-even-better-errors': [ '2.3.1' ],
29 silly audit   'json-schema-traverse': [ '1.0.0' ],
29 silly audit   'json-schema-typed': [ '8.0.2' ],
29 silly audit   json5: [ '2.2.3' ],
29 silly audit   jsonfile: [ '6.2.0' ],
29 silly audit   kleur: [ '4.1.5', '3.0.3' ],
29 silly audit   lightningcss: [ '1.30.2' ],
29 silly audit   'lightningcss-android-arm64': [ '1.30.2' ],
29 silly audit   'lightningcss-darwin-arm64': [ '1.30.2' ],
29 silly audit   'lightningcss-darwin-x64': [ '1.30.2' ],
29 silly audit   'lightningcss-freebsd-x64': [ '1.30.2' ],
29 silly audit   'lightningcss-linux-arm-gnueabihf': [ '1.30.2' ],
29 silly audit   'lightningcss-linux-arm64-gnu': [ '1.30.2' ],
29 silly audit   'lightningcss-linux-arm64-musl': [ '1.30.2' ],
29 silly audit   'lightningcss-linux-x64-gnu': [ '1.30.2' ],
29 silly audit   'lightningcss-linux-x64-musl': [ '1.30.2' ],
29 silly audit   'lightningcss-win32-arm64-msvc': [ '1.30.2' ],
29 silly audit   'lightningcss-win32-x64-msvc': [ '1.30.2' ],
29 silly audit   'lines-and-columns': [ '1.2.4' ],
29 silly audit   'log-symbols': [ '6.0.0' ],
29 silly audit   'longest-streak': [ '3.1.0' ],
29 silly audit   'lru-cache': [ '5.1.1' ],
29 silly audit   'lucide-react': [ '0.562.0' ],
29 silly audit   'magic-string': [ '0.30.21' ],
29 silly audit   'markdown-table': [ '3.0.4' ],
29 silly audit   'math-intrinsics': [ '1.1.0' ],
29 silly audit   'mdast-util-find-and-replace': [ '3.0.2' ],
29 silly audit   'mdast-util-from-markdown': [ '2.0.2' ],
29 silly audit   'mdast-util-gfm': [ '3.1.0' ],
29 silly audit   'mdast-util-gfm-autolink-literal': [ '2.0.1' ],
29 silly audit   'mdast-util-gfm-footnote': [ '2.1.0' ],
29 silly audit   'mdast-util-gfm-strikethrough': [ '2.0.0' ],
29 silly audit   'mdast-util-gfm-table': [ '2.0.0' ],
29 silly audit   'mdast-util-gfm-task-list-item': [ '2.0.0' ],
29 silly audit   'mdast-util-mdx-expression': [ '2.0.1' ],
29 silly audit   'mdast-util-mdx-jsx': [ '3.2.0' ],
29 silly audit   'mdast-util-mdxjs-esm': [ '2.0.1' ],
29 silly audit   'mdast-util-phrasing': [ '4.1.0' ],
29 silly audit   'mdast-util-to-hast': [ '13.2.1' ],
29 silly audit   'mdast-util-to-markdown': [ '2.1.2' ],
29 silly audit   'mdast-util-to-string': [ '4.0.0' ],
29 silly audit   'media-typer': [ '1.1.0' ],
29 silly audit   'merge-descriptors': [ '2.0.0' ],
29 silly audit   'merge-stream': [ '2.0.0' ],
29 silly audit   merge2: [ '1.4.1' ],
29 silly audit   micromark: [ '4.0.2' ],
29 silly audit   'micromark-core-commonmark': [ '2.0.3' ],
29 silly audit   'micromark-extension-gfm': [ '3.0.0' ],
29 silly audit   'micromark-extension-gfm-autolink-literal': [ '2.1.0' ],
29 silly audit   'micromark-extension-gfm-footnote': [ '2.1.0' ],
29 silly audit   'micromark-extension-gfm-strikethrough': [ '2.1.0' ],
29 silly audit   'micromark-extension-gfm-table': [ '2.1.1' ],
29 silly audit   'micromark-extension-gfm-tagfilter': [ '2.0.0' ],
29 silly audit   'micromark-extension-gfm-task-list-item': [ '2.1.0' ],
29 silly audit   'micromark-factory-destination': [ '2.0.1' ],
29 silly audit   'micromark-factory-label': [ '2.0.1' ],
29 silly audit   'micromark-factory-space': [ '2.0.1' ],
29 silly audit   'micromark-factory-title': [ '2.0.1' ],
29 silly audit   'micromark-factory-whitespace': [ '2.0.1' ],
29 silly audit   'micromark-util-character': [ '2.1.1' ],
29 silly audit   'micromark-util-chunked': [ '2.0.1' ],
29 silly audit   'micromark-util-classify-character': [ '2.0.1' ],
29 silly audit   'micromark-util-combine-extensions': [ '2.0.1' ],
29 silly audit   'micromark-util-decode-numeric-character-reference': [ '2.0.2' ],
29 silly audit   'micromark-util-decode-string': [ '2.0.1' ],
29 silly audit   'micromark-util-encode': [ '2.0.1' ],
29 silly audit   'micromark-util-html-tag-name': [ '2.0.1' ],
29 silly audit   'micromark-util-normalize-identifier': [ '2.0.1' ],
29 silly audit   'micromark-util-resolve-all': [ '2.0.1' ],
29 silly audit   'micromark-util-sanitize-uri': [ '2.0.1' ],
29 silly audit   'micromark-util-subtokenize': [ '2.1.0' ],
29 silly audit   'micromark-util-symbol': [ '2.0.1' ],
29 silly audit   'micromark-util-types': [ '2.0.2' ],
29 silly audit   micromatch: [ '4.0.8' ],
29 silly audit   picomatch: [ '2.3.1', '4.0.3' ],
29 silly audit   'mime-db': [ '1.54.0' ],
29 silly audit   'mime-types': [ '3.0.2' ],
29 silly audit   'mimic-fn': [ '2.1.0' ],
29 silly audit   'mimic-function': [ '5.0.1' ],
29 silly audit   minimatch: [ '10.1.1' ],
29 silly audit   minimist: [ '1.2.8' ],
29 silly audit   ms: [ '2.1.3' ],
29 silly audit   msw: [ '2.12.7' ],
29 silly audit   'mute-stream': [ '2.0.0' ],
29 silly audit   nanoid: [ '3.3.11' ],
29 silly audit   negotiator: [ '1.0.0' ],
29 silly audit   next: [ '16.1.1' ],
29 silly audit   'next-themes': [ '0.4.6' ],
29 silly audit   postcss: [ '8.4.31', '8.5.6' ],
29 silly audit   'node-domexception': [ '1.0.0' ],
29 silly audit   'node-fetch': [ '3.3.2' ],
29 silly audit   'node-releases': [ '2.0.27' ],
29 silly audit   'path-key': [ '4.0.0', '3.1.1' ],
29 silly audit   'object-assign': [ '4.1.1' ],
29 silly audit   'object-inspect': [ '1.13.4' ],
29 silly audit   'object-treeify': [ '1.1.33' ],
29 silly audit   'on-finished': [ '2.4.1' ],
29 silly audit   once: [ '1.4.0' ],
29 silly audit   open: [ '11.0.0' ],
29 silly audit   ora: [ '8.2.0' ],
29 silly audit   outvariant: [ '1.4.3' ],
29 silly audit   'package-manager-detector': [ '1.6.0' ],
29 silly audit   'parent-module': [ '1.0.1' ],
29 silly audit   'parse-entities': [ '4.0.2' ],
29 silly audit   'parse-json': [ '5.2.0' ],
29 silly audit   'parse-ms': [ '4.0.0' ],
29 silly audit   parseurl: [ '1.3.3' ],
29 silly audit   'path-browserify': [ '1.0.1' ],
29 silly audit   'path-to-regexp': [ '6.3.0', '8.3.0' ],
29 silly audit   picocolors: [ '1.1.1' ],
29 silly audit   'pkce-challenge': [ '5.0.1' ],
29 silly audit   'postcss-selector-parser': [ '6.0.10', '7.1.1' ],
29 silly audit   'powershell-utils': [ '0.1.0' ],
29 silly audit   'pretty-ms': [ '9.3.0' ],
29 silly audit   prompts: [ '2.4.2' ],
29 silly audit   'property-information': [ '7.1.0' ],
29 silly audit   'proxy-addr': [ '2.0.7' ],
29 silly audit   qs: [ '6.14.0' ],
29 silly audit   'queue-microtask': [ '1.2.3' ],
29 silly audit   'range-parser': [ '1.2.1' ],
29 silly audit   'raw-body': [ '3.0.2' ],
29 silly audit   react: [ '19.2.3' ],
29 silly audit   'react-dom': [ '19.2.3' ],
29 silly audit   'react-hook-form': [ '7.69.0' ],
29 silly audit   'react-markdown': [ '10.1.0' ],
29 silly audit   'react-remove-scroll': [ '2.7.2' ],
29 silly audit   'react-remove-scroll-bar': [ '2.3.8' ],
29 silly audit   'react-style-singleton': [ '2.2.3' ],
29 silly audit   'react-textarea-autosize': [ '8.5.9' ],
29 silly audit   recast: [ '0.23.11' ],
29 silly audit   'remark-gfm': [ '4.0.1' ],
29 silly audit   'remark-parse': [ '11.0.0' ],
29 silly audit   'remark-rehype': [ '11.1.2' ],
29 silly audit   'remark-stringify': [ '11.0.0' ],
29 silly audit   'require-directory': [ '2.1.1' ],
29 silly audit   'require-from-string': [ '2.0.2' ],
29 silly audit   'resolve-from': [ '4.0.0' ],
29 silly audit   'restore-cursor': [ '5.1.0' ],
29 silly audit   rettime: [ '0.7.0' ],
29 silly audit   reusify: [ '1.1.0' ],
29 silly audit   router: [ '2.2.0' ],
29 silly audit   'run-applescript': [ '7.1.0' ],
29 silly audit   'run-parallel': [ '1.2.0' ],
29 silly audit   'safer-buffer': [ '2.1.2' ],
29 silly audit   scheduler: [ '0.27.0' ],
29 silly audit   send: [ '1.2.1' ],
29 silly audit   'serve-static': [ '2.2.1' ],
29 silly audit   setprototypeof: [ '1.2.0' ],
29 silly audit   shadcn: [ '3.6.2' ],
29 silly audit   sharp: [ '0.34.5' ],
29 silly audit   'shebang-command': [ '2.0.0' ],
29 silly audit   'shebang-regex': [ '3.0.0' ],
29 silly audit   'side-channel': [ '1.1.0' ],
29 silly audit   'side-channel-list': [ '1.0.0' ],
29 silly audit   'side-channel-map': [ '1.0.1' ],
29 silly audit   'side-channel-weakmap': [ '1.0.2' ],
29 silly audit   sisteransi: [ '1.0.5' ],
29 silly audit   sjcl: [ '1.0.8' ],
29 silly audit   'socket.io-client': [ '4.8.2' ],
29 silly audit   'socket.io-parser': [ '4.2.5' ],
29 silly audit   sonner: [ '2.0.7' ],
29 silly audit   'source-map': [ '0.6.1' ],
29 silly audit   'source-map-js': [ '1.2.1' ],
29 silly audit   'space-separated-tokens': [ '2.0.2' ],
29 silly audit   statuses: [ '2.0.2' ],
29 silly audit   'stdin-discarder': [ '0.2.2' ],
29 silly audit   'strict-event-emitter': [ '0.5.1' ],
29 silly audit   'stringify-entities': [ '4.0.4' ],
29 silly audit   'stringify-object': [ '5.0.0' ],
29 silly audit   'strip-bom': [ '3.0.0' ],
29 silly audit   'style-to-js': [ '1.1.21' ],
29 silly audit   'style-to-object': [ '1.0.14' ],
29 silly audit   'styled-jsx': [ '5.1.6' ],
29 silly audit   'tagged-tag': [ '1.0.0' ],
29 silly audit   'tailwind-merge': [ '3.4.0' ],
29 silly audit   tailwindcss: [ '4.1.18' ],
29 silly audit   tapable: [ '2.3.0' ],
29 silly audit   'tiny-invariant': [ '1.3.3' ],
29 silly audit   tinyexec: [ '1.0.2' ],
29 silly audit   tldts: [ '7.0.19' ],
29 silly audit   'tldts-core': [ '7.0.19' ],
29 silly audit   'to-regex-range': [ '5.0.1' ],
29 silly audit   toidentifier: [ '1.0.1' ],
29 silly audit   'tough-cookie': [ '6.0.0' ],
29 silly audit   'trim-lines': [ '3.0.1' ],
29 silly audit   trough: [ '2.2.0' ],
29 silly audit   'ts-morph': [ '26.0.0' ],
29 silly audit   'tsconfig-paths': [ '4.2.0' ],
29 silly audit   tslib: [ '2.8.1' ],
29 silly audit   'tw-animate-css': [ '1.4.0' ],
29 silly audit   'type-fest': [ '5.3.1' ],
29 silly audit   'type-is': [ '2.0.1' ],
29 silly audit   typescript: [ '5.9.3' ],
29 silly audit   'undici-types': [ '6.21.0' ],
29 silly audit   'unicorn-magic': [ '0.3.0' ],
29 silly audit   unified: [ '11.0.5' ],
29 silly audit   'unist-util-is': [ '6.0.1' ],
29 silly audit   'unist-util-position': [ '5.0.0' ],
29 silly audit   'unist-util-stringify-position': [ '4.0.0' ],
29 silly audit   'unist-util-visit': [ '5.0.0' ],
29 silly audit   'unist-util-visit-parents': [ '6.0.2' ],
29 silly audit   universalify: [ '2.0.1' ],
29 silly audit   unpipe: [ '1.0.0' ],
29 silly audit   'until-async': [ '3.0.2' ],
29 silly audit   'update-browserslist-db': [ '1.2.3' ],
29 silly audit   'use-callback-ref': [ '1.3.3' ],
29 silly audit   'use-composed-ref': [ '1.4.0' ],
29 silly audit   'use-isomorphic-layout-effect': [ '1.2.1' ],
29 silly audit   'use-latest': [ '1.3.0' ],
29 silly audit   'use-sidecar': [ '1.1.3' ],
29 silly audit   'use-sync-external-store': [ '1.6.0' ],
29 silly audit   'util-deprecate': [ '1.0.2' ],
29 silly audit   vary: [ '1.1.2' ],
29 silly audit   vfile: [ '6.0.3' ],
29 silly audit   'vfile-message': [ '4.0.3' ],
29 silly audit   'web-streams-polyfill': [ '3.3.3' ],
29 silly audit   wrappy: [ '1.0.2' ],
29 silly audit   ws: [ '8.18.3' ],
29 silly audit   'wsl-utils': [ '0.3.0' ],
29 silly audit   'xmlhttprequest-ssl': [ '2.1.2' ],
29 silly audit   y18n: [ '5.0.8' ],
29 silly audit   yallist: [ '3.1.1' ],
29 silly audit   yargs: [ '17.7.2' ],
29 silly audit   'yargs-parser': [ '21.1.1' ],
29 silly audit   yoctocolors: [ '2.1.2' ],
29 silly audit   'yoctocolors-cjs': [ '2.1.3' ],
29 silly audit   zod: [ '3.25.76' ],
29 silly audit   'zod-to-json-schema': [ '3.25.1' ],
29 silly audit   zwitch: [ '2.0.4' ],
29 silly audit   vaul: [ '1.1.2' ]
29 silly audit }
30 http cache vaul@https://registry.npmjs.org/vaul/-/vaul-1.1.2.tgz 0ms (cache hit)
31 silly tarball no local data for vaul@https://registry.npmjs.org/vaul/-/vaul-1.1.2.tgz. Extracting by manifest.
32 http fetch GET 200 https://registry.npmjs.org/vaul/-/vaul-1.1.2.tgz 72ms (cache miss)
33 http fetch POST 200 https://registry.npmjs.org/-/npm/v1/security/advisories/bulk 303ms
34 silly audit report {
34 silly audit report   qs: [
34 silly audit report     {
34 silly audit report       id: 1111755,
34 silly audit report       url: 'https://github.com/advisories/GHSA-6rw7-vpxm-498p',
34 silly audit report       title: "qs's arrayLimit bypass in its bracket notation allows DoS via memory exhaustion",
34 silly audit report       severity: 'high',
34 silly audit report       vulnerable_versions: '<6.14.1',
34 silly audit report       cwe: [Array],
34 silly audit report       cvss: [Object]
34 silly audit report     }
34 silly audit report   ]
34 silly audit report }
35 silly packumentCache corgi:https://registry.npmjs.org/qs cache-miss
36 http fetch GET 200 https://registry.npmjs.org/qs 180ms (cache miss)
37 silly packumentCache corgi:https://registry.npmjs.org/qs set size:undefined disposed:false
38 silly packumentCache corgi:https://registry.npmjs.org/body-parser cache-miss
39 silly packumentCache corgi:https://registry.npmjs.org/express cache-miss
40 http fetch GET 200 https://registry.npmjs.org/body-parser 63ms (cache miss)
41 silly packumentCache corgi:https://registry.npmjs.org/body-parser set size:undefined disposed:false
42 http fetch GET 200 https://registry.npmjs.org/express 82ms (cache miss)
43 silly packumentCache corgi:https://registry.npmjs.org/express set size:undefined disposed:false
44 silly ADD node_modules/vaul
45 verbose cwd /Users/robin/Documents/coding/ratchet-chat/client
46 verbose os Darwin 25.2.0
47 verbose node v22.20.0
48 verbose npm  v11.6.4
49 notice
49 notice New [33mminor[39m version of npm available! [33m11.6.4[39m -> [34m11.7.0[39m
49 notice Changelog: [34mhttps://github.com/npm/cli/releases/tag/v11.7.0[39m
49 notice To update run: [4mnpm install -g npm@11.7.0[24m
49 notice  { force: true, [Symbol(proc-log.meta)]: true }
50 verbose exit 0
51 info ok
